<?xml version="1.0" encoding="UTF-8"?>
<!-- Generated by org.testng.reporters.JUnitReportReporter -->
<testsuite hostname="EC2AMAZ-G4M9RIH" name="mail.Test1" tests="1" failures="0" timestamp="31 Aug 2018 07:43:11 GMT" time="25.031" errors="0">
  <testcase name="test" time="25.031" classname="mail.Test1"/>
</testsuite> <!-- mail.Test1 -->
