<?xml version="1.0" encoding="UTF-8"?>
<!-- Generated by org.testng.reporters.JUnitReportReporter -->
<testsuite hostname="EC2AMAZ-G4M9RIH" name="Sample" tests="1" failures="0" timestamp="21 Jul 2018 07:44:06 GMT" time="0.007" errors="0">
  <testcase name="test1" time="0.007" classname="Sample"/>
</testsuite> <!-- Sample -->
