<?xml version="1.0" encoding="UTF-8"?>
<!-- Generated by org.testng.reporters.JUnitReportReporter -->
<testsuite hostname="EC2AMAZ-G4M9RIH" name="mail.Test1" tests="1" failures="0" timestamp="26 Jul 2018 15:24:59 GMT" time="21.022" errors="0">
  <testcase name="test" time="21.022" classname="mail.Test1"/>
</testsuite> <!-- mail.Test1 -->
